2018/6/12 9:03:06开始----------
2018/6/12 9:03:06操作停止！无法找到：I:\vb6 CH语言3.0\伪编译器/工程1.exe----------开始时间：2018/6/12 9:04:04----------操作出现错误：错误号：13详细错误：
类型不匹配----------


------------------------------
2018/6/12 9:28:40开始----------
目标：D:\ch3test.exe源：I:\vb6 CH语言3.0\1.ch3参数：makeall
2018/6/12 9:28:40操作停止！无法找到：I:\vb6 CH语言3.0\伪编译器/工程1.exe----------
------------------------------
2018/6/12 9:28:45开始----------
目标：D:\ch3test.exe源：I:\vb6 CH语言3.0\1.ch3参数：makeall
2018/6/12 9:28:47操作停止！无法找到：I:\vb6 CH语言3.0\伪编译器/工程1.exe----------
------------------------------
2018/6/12 9:28:51开始----------
目标：D:\ch3test.exe源：I:\vb6 CH语言3.0\1.ch3参数：makeall
2018/6/12 9:28:59操作停止！无法找到：I:\vb6 CH语言3.0\伪编译器/工程1.exe----------

2018/6/12 14:17:12启动
------------------------------
2018/6/12 14:17:12开始----------
目标：D:\ch3test.exe
源：I:\vb6 CH语言3.0\1.ch3
参数：makeall
2018/6/12 14:17:12操作停止！无法找到：I:\vb6 CH语言3.0\伪编译器/工程1.exe----------

2018/6/12 14:17:19启动
------------------------------
2018/6/12 14:17:31开始----------
目标：D:\ch3test.exe
源：I:\vb6 CH语言3.0\1.ch3
参数：makeall
2018/6/12 14:17:35操作停止！无法找到：I:\vb6 CH语言3.0\伪编译器/工程1.exe----------
